<?xml version="1.0" encoding="UTF-8"?>
<!-- Generated by org.testng.reporters.JUnitXMLReporter -->
<testsuite ignored="3" hostname="Suvasri" failures="0" tests="3" name="Test" time="22.605" errors="0" timestamp="2023-12-13T15:10:09 IST">
  <testcase classname="Bike.testcase3" name="pulser" time="13.748"/>
  <testcase classname="Bike.testcase1" name="avenger" time="14.195"/>
  <testcase classname="Car.testcase4" name="bmw" time="22.564"/>
  <testcase classname="Bike.testcase2" name="royalEnfield" time="0.0">
    <ignored/>
  </testcase> <!-- royalEnfield -->
  <testcase classname="Car.testcase5" name="audi" time="0.0">
    <ignored/>
  </testcase> <!-- audi -->
  <testcase classname="Car.testcase6" name="lambrogini" time="0.0">
    <ignored/>
  </testcase> <!-- lambrogini -->
</testsuite> <!-- Test -->
