<?xml version="1.0" encoding="UTF-8"?>
<testng-results ignored="0" total="1" passed="1" failed="0" skipped="0">
  <reporter-output>
  </reporter-output>
  <suite started-at="2023-12-22T17:23:22 IST" name="Default suite" finished-at="2023-12-22T17:23:37 IST" duration-ms="14883">
    <groups>
    </groups>
    <test started-at="2023-12-22T17:23:22 IST" name="Default test" finished-at="2023-12-22T17:23:37 IST" duration-ms="14883">
      <class name="PageObjectModel.test">
        <test-method signature="testCase()[pri:0, instance:PageObjectModel.test@8458f04]" started-at="2023-12-22T17:23:22 IST" name="testCase" finished-at="2023-12-22T17:23:37 IST" duration-ms="14827" status="PASS">
          <reporter-output>
          </reporter-output>
        </test-method> <!-- testCase -->
      </class> <!-- PageObjectModel.test -->
    </test> <!-- Default test -->
  </suite> <!-- Default suite -->
</testng-results>
